0 verbose cli /usr/local/bin/node /usr/local/bin/npm
1 info using npm@8.11.0
2 info using node@v16.16.0
3 timing npm:load:whichnode Completed in 128ms
4 timing config:load:defaults Completed in 487ms
5 timing config:load:file:/usr/local/lib/node_modules/npm/npmrc Completed in 201ms
6 timing config:load:builtin Completed in 249ms
7 timing config:load:cli Completed in 738ms
8 timing config:load:env Completed in 119ms
9 timing config:load:file:/usr/src/node-red/.npmrc Completed in 101ms
10 timing config:load:project Completed in 742ms
11 timing config:load:file:/root/.npmrc Completed in 81ms
12 timing config:load:user Completed in 166ms
13 timing config:load:file:/usr/local/etc/npmrc Completed in 374ms
14 timing config:load:global Completed in 512ms
15 timing config:load:validate Completed in 91ms
16 timing config:load:credentials Completed in 437ms
17 timing config:load:setEnvs Completed in 372ms
18 timing config:load Completed in 4112ms
19 timing npm:load:configload Completed in 4212ms
20 timing npm:load:mkdirpcache Completed in 436ms
21 timing npm:load:mkdirplogs Completed in 195ms
22 verbose title npm
23 verbose argv "--version"
24 timing npm:load:setTitle Completed in 334ms
25 timing config:load:flatten Completed in 1264ms
26 timing npm:load:display Completed in 1547ms
27 verbose logfile logs-max:10 dir:/data/.npm/_logs
28 verbose logfile /data/.npm/_logs/2023-01-30T13_25_14_763Z-debug-0.log
29 timing npm:load:logFile Completed in 1062ms
30 timing npm:load:timers Completed in 6ms
31 timing npm:load:configScope Completed in 1ms
32 timing npm:load Completed in 8053ms
33 verbose exit 0
34 timing npm Completed in 9471ms
35 info ok
