0 verbose cli /usr/local/bin/node /usr/local/bin/npm
1 info using npm@8.11.0
2 info using node@v16.16.0
3 timing npm:load:whichnode Completed in 14ms
4 timing config:load:defaults Completed in 110ms
5 timing config:load:file:/usr/local/lib/node_modules/npm/npmrc Completed in 26ms
6 timing config:load:builtin Completed in 39ms
7 timing config:load:cli Completed in 106ms
8 timing config:load:env Completed in 12ms
9 timing config:load:file:/usr/src/node-red/.npmrc Completed in 1ms
10 timing config:load:project Completed in 77ms
11 timing config:load:file:/root/.npmrc Completed in 7ms
12 timing config:load:user Completed in 16ms
13 timing config:load:file:/usr/local/etc/npmrc Completed in 67ms
14 timing config:load:global Completed in 70ms
15 timing config:load:validate Completed in 10ms
16 timing config:load:credentials Completed in 44ms
17 timing config:load:setEnvs Completed in 44ms
18 timing config:load Completed in 573ms
19 timing npm:load:configload Completed in 577ms
20 timing npm:load:mkdirpcache Completed in 71ms
21 timing npm:load:mkdirplogs Completed in 19ms
22 verbose title npm
23 verbose argv "--version"
24 timing npm:load:setTitle Completed in 43ms
25 timing config:load:flatten Completed in 195ms
26 timing npm:load:display Completed in 279ms
27 verbose logfile logs-max:10 dir:/data/.npm/_logs
28 verbose logfile /data/.npm/_logs/2023-01-30T17_44_15_607Z-debug-0.log
29 timing npm:load:logFile Completed in 381ms
30 timing npm:load:timers Completed in 4ms
31 timing npm:load:configScope Completed in 7ms
32 timing npm:load Completed in 1461ms
33 verbose exit 0
34 timing npm Completed in 1827ms
35 info ok
